2026-05-15 12:22:01,768 - INFO - Push cloud sukses (332 data)
2026-05-17 20:04:44,804 - INFO - Foto berhasil diunggah: https://i.ibb.co/fdNxfwCL/download.jpg
2026-05-17 20:21:24,235 - INFO - Fetch cloud sukses (2 data)
2026-05-17 20:34:53,382 - INFO - Fetch cloud sukses (2 data)
2026-05-17 20:37:42,240 - INFO - Fetch cloud sukses (2 data)
2026-05-17 20:38:07,228 - INFO - Fetch cloud sukses (2 data)
2026-05-17 20:38:12,034 - INFO - Push cloud sukses (1 data)
2026-05-17 20:38:16,135 - INFO - Fetch cloud sukses (2 data)
2026-05-17 20:38:16,152 - INFO - Data lokal berhasil ditulis
2026-05-17 20:38:16,152 - INFO - Sync from cloud berhasil
2026-05-17 21:28:24,536 - INFO - Fetch cloud sukses (2 data)
2026-05-17 21:31:26,215 - INFO - Fetch cloud sukses (2 data)
2026-05-17 21:34:56,662 - INFO - Fetch cloud sukses (2 data)
2026-05-17 21:36:13,515 - INFO - Fetch cloud sukses (2 data)
2026-05-17 21:41:13,117 - INFO - Fetch cloud sukses (2 data)
2026-05-17 21:43:03,992 - INFO - Fetch cloud sukses
2026-05-17 21:43:21,019 - INFO - Push cloud sukses (1 data)
2026-05-17 21:43:26,229 - INFO - Push cloud sukses (332 data)
2026-05-17 21:43:37,908 - INFO - Fetch cloud sukses
2026-05-17 21:43:37,945 - INFO - Data lokal berhasil ditulis
2026-05-17 21:43:37,945 - INFO - Sync from cloud berhasil
